<?xml version="1.0" encoding="UTF-8"?>
<testng-results ignored="0" total="2" passed="2" failed="0" skipped="0">
  <reporter-output>
  </reporter-output>
  <suite started-at="2024-02-23T13:01:11 IST" name="Surefire suite" finished-at="2024-02-23T13:01:18 IST" duration-ms="7244">
    <groups>
      <group name="cucumber">
        <method signature="AbstractTestNGCucumberTests.runScenario(io.cucumber.testng.PickleWrapper,io.cucumber.testng.FeatureWrapper)[pri:0, instance:TestNGRunner.TestNGRunner@33afa13b]" name="runScenario" class="io.cucumber.testng.AbstractTestNGCucumberTests"/>
      </group> <!-- cucumber -->
    </groups>
    <test started-at="2024-02-23T13:01:11 IST" name="Surefire test" finished-at="2024-02-23T13:01:18 IST" duration-ms="7244">
      <class name="TestNGRunner.TestNGRunner">
        <test-method is-config="true" signature="setUpClass(org.testng.ITestContext)[pri:0, instance:TestNGRunner.TestNGRunner@33afa13b]" started-at="2024-02-23T13:01:11 IST" name="setUpClass" finished-at="2024-02-23T13:01:12 IST" duration-ms="969" status="PASS">
          <params>
            <param index="0">
              <value>
                <![CDATA[org.testng.TestRunner@1991f767]]>
              </value>
            </param>
          </params>
          <reporter-output>
          </reporter-output>
        </test-method> <!-- setUpClass -->
        <test-method signature="runScenario(io.cucumber.testng.PickleWrapper,io.cucumber.testng.FeatureWrapper)[pri:0, instance:TestNGRunner.TestNGRunner@33afa13b]" started-at="2024-02-23T13:01:12 IST" name="runScenario" description="Runs Cucumber Scenarios" data-provider="scenarios" finished-at="2024-02-23T13:01:18 IST" duration-ms="6112" status="PASS">
          <params>
            <param index="0">
              <value>
                <![CDATA["Orange HRM Registration Functionality"]]>
              </value>
            </param>
            <param index="1">
              <value>
                <![CDATA["To Check Registration Functionality"]]>
              </value>
            </param>
          </params>
          <reporter-output>
          </reporter-output>
        </test-method> <!-- runScenario -->
        <test-method signature="runScenario(io.cucumber.testng.PickleWrapper,io.cucumber.testng.FeatureWrapper)[pri:0, instance:TestNGRunner.TestNGRunner@33afa13b]" started-at="2024-02-23T13:01:12 IST" name="runScenario" description="Runs Cucumber Scenarios" data-provider="scenarios" finished-at="2024-02-23T13:01:18 IST" duration-ms="6141" status="PASS">
          <params>
            <param index="0">
              <value>
                <![CDATA["Orange HRM Registration Functionality"]]>
              </value>
            </param>
            <param index="1">
              <value>
                <![CDATA["To Check Registration Functionality"]]>
              </value>
            </param>
          </params>
          <reporter-output>
          </reporter-output>
        </test-method> <!-- runScenario -->
        <test-method is-config="true" signature="tearDownClass()[pri:0, instance:TestNGRunner.TestNGRunner@33afa13b]" started-at="2024-02-23T13:01:18 IST" name="tearDownClass" finished-at="2024-02-23T13:01:18 IST" duration-ms="64" status="PASS">
          <reporter-output>
          </reporter-output>
        </test-method> <!-- tearDownClass -->
      </class> <!-- TestNGRunner.TestNGRunner -->
    </test> <!-- Surefire test -->
  </suite> <!-- Surefire suite -->
</testng-results>
